<?xml version="1.0" encoding="UTF-8"?>
<testng-results ignored="0" total="1" passed="1" failed="0" skipped="0">
  <reporter-output>
  </reporter-output>
  <suite started-at="2023-11-14T21:32:17 GMT-05:00" name="Default suite" finished-at="2023-11-14T21:32:17 GMT-05:00" duration-ms="77">
    <groups>
    </groups>
    <test started-at="2023-11-14T21:32:17 GMT-05:00" name="Default test" finished-at="2023-11-14T21:32:17 GMT-05:00" duration-ms="77">
      <class name="com.tmd.tests.demoTest">
        <test-method signature="testLogin()[pri:0, instance:com.tmd.tests.demoTest@42a48628]" started-at="2023-11-14T21:32:17 GMT-05:00" name="testLogin" finished-at="2023-11-14T21:32:17 GMT-05:00" duration-ms="45" status="PASS">
          <reporter-output>
          </reporter-output>
        </test-method> <!-- testLogin -->
      </class> <!-- com.tmd.tests.demoTest -->
    </test> <!-- Default test -->
  </suite> <!-- Default suite -->
</testng-results>
